<?xml version="1.0" encoding="UTF-8"?>
<testng-results skipped="0" failed="0" ignored="0" total="1" passed="1">
  <reporter-output>
  </reporter-output>
  <suite name="Suite" duration-ms="25" started-at="2019-04-04T09:53:57Z" finished-at="2019-04-04T09:53:57Z">
    <groups>
    </groups>
    <test name="Test" duration-ms="25" started-at="2019-04-04T09:53:57Z" finished-at="2019-04-04T09:53:57Z">
      <class name="Git.Eclipse.Class_A">
        <test-method status="PASS" signature="Method_A()[pri:0, instance:Git.Eclipse.Class_A@708f5957]" name="Method_A" duration-ms="8" started-at="2019-04-04T09:53:57Z" finished-at="2019-04-04T09:53:57Z">
          <reporter-output>
          </reporter-output>
        </test-method> <!-- Method_A -->
      </class> <!-- Git.Eclipse.Class_A -->
    </test> <!-- Test -->
  </suite> <!-- Suite -->
</testng-results>
